<?xml version="1.0" encoding="UTF-8"?>
<testng-results ignored="0" total="1" passed="1" failed="0" skipped="0">
  <reporter-output>
  </reporter-output>
  <suite started-at="2020-01-30T13:03:34 IST" name="Default suite" finished-at="2020-01-30T13:03:36 IST" duration-ms="2474">
    <groups>
    </groups>
    <test started-at="2020-01-30T13:03:34 IST" name="Default test" finished-at="2020-01-30T13:03:36 IST" duration-ms="2474">
      <class name="restAPITestPost.PostRestAssuredTest">
        <test-method signature="PostJsonData()[pri:0, instance:restAPITestPost.PostRestAssuredTest@2ed0fbae]" started-at="2020-01-30T13:03:34 IST" name="PostJsonData" finished-at="2020-01-30T13:03:36 IST" duration-ms="2411" status="PASS">
          <reporter-output>
          </reporter-output>
        </test-method> <!-- PostJsonData -->
      </class> <!-- restAPITestPost.PostRestAssuredTest -->
    </test> <!-- Default test -->
  </suite> <!-- Default suite -->
</testng-results>
